{"uuid":"cdd991a2-9f39-4fb5-90b8-02b390bbdbb6","name":"AppiumAllureGradleProject","children":["d9395d07-a406-4f40-a0da-ddda98280811","817dc8de-b23a-4f55-9d03-6f941730d6c0"],"befores":[{"name":"setUp","status":"broken","statusDetails":{"known":false,"muted":false,"flaky":false,"message":"Unable to create a new remote session. Please check the server log for more details. Original error: A new session could not be created. Details: Unable to build Espresso server - Process ended with exitcode 1 (cmd: './gradlew -PappiumTargetPackage\\=com.casparhealth.android.patient assembleAndroidTest')\nGradle error message:\n\n[STDERR] ,\n[STDERR] FAILURE: Build failed with an exception.,\n[STDERR] ,\n[STDERR] * What went wrong:,\n[STDERR] Could not initialize class org.codehaus.groovy.runtime.InvokerHelper,\n[STDERR] ,\n[STDERR] * Try:,\n[STDERR] Run with --stacktrace option to get the stack trace. Run with --info or --debug option to get more log output. Run with --scan to get full insights.,\n[STDERR] ,\n[STDERR] * Get more help at https://help.gradle.org,\n[STDERR] ,\n[STDERR] BUILD FAILED in 541ms. Check https://github.com/appium/appium-espresso-driver#troubleshooting regarding advanced session startup troubleshooting.\nBuild info: version: '3.141.59', revision: 'e82be7d358', time: '2018-11-14T08:17:03'\nSystem info: host: 'Dmitriis-MBP.Dlink', ip: 'fe80:0:0:0:1055:2753:c2a9:d17e%en0', os.name: 'Mac OS X', os.arch: 'x86_64', os.version: '10.15.7', java.version: '1.8.0_242-release'\nDriver info: driver.version: AndroidDriver\nremote stacktrace: Error: Unable to build Espresso server - Process ended with exitcode 1 (cmd: './gradlew -PappiumTargetPackage\\=com.casparhealth.android.patient assembleAndroidTest')\nGradle error message:\n\n[STDERR] ,\n[STDERR] FAILURE: Build failed with an exception.,\n[STDERR] ,\n[STDERR] * What went wrong:,\n[STDERR] Could not initialize class org.codehaus.groovy.runtime.InvokerHelper,\n[STDERR] ,\n[STDERR] * Try:,\n[STDERR] Run with --stacktrace option to get the stack trace. Run with --info or --debug option to get more log output. Run with --scan to get full insights.,\n[STDERR] ,\n[STDERR] * Get more help at https://help.gradle.org,\n[STDERR] ,\n[STDERR] BUILD FAILED in 541ms. Check https://github.com/appium/appium-espresso-driver#troubleshooting regarding advanced session startup troubleshooting.\n    at Object.errorAndThrow (/usr/local/lib/node_modules/appium/node_modules/appium-support/lib/logging.js:94:35)\n    at ServerBuilder.runBuildProcess (/usr/local/lib/node_modules/appium/node_modules/appium-espresso-driver/lib/server-builder.js:178:11)\n    at ServerBuilder.build (/usr/local/lib/node_modules/appium/node_modules/appium-espresso-driver/lib/server-builder.js:72:5)\n    at EspressoRunner.buildNewModServer (/usr/local/lib/node_modules/appium/node_modules/appium-espresso-driver/lib/espresso-runner.js:164:5)\n    at EspressoRunner.installTestApk (/usr/local/lib/node_modules/appium/node_modules/appium-espresso-driver/lib/espresso-runner.js:129:7)\n    at EspressoDriver.initAUT (/usr/local/lib/node_modules/appium/node_modules/appium-espresso-driver/lib/driver.js:433:7)\n    at EspressoDriver.startEspressoSession (/usr/local/lib/node_modules/appium/node_modules/appium-espresso-driver/lib/driver.js:297:7)\n    at EspressoDriver.createSession (/usr/local/lib/node_modules/appium/node_modules/appium-espresso-driver/lib/driver.js:188:7)\n    at AppiumDriver.createSession (/usr/local/lib/node_modules/appium/lib/appium.js:358:35)\nBuild info: version: '3.141.59', revision: 'e82be7d358', time: '2018-11-14T08:17:03'\nSystem info: host: 'Dmitriis-MBP.Dlink', ip: 'fe80:0:0:0:1055:2753:c2a9:d17e%en0', os.name: 'Mac OS X', os.arch: 'x86_64', os.version: '10.15.7', java.version: '1.8.0_242-release'\nDriver info: driver.version: AndroidDriver","trace":"org.openqa.selenium.SessionNotCreatedException: Unable to create a new remote session. Please check the server log for more details. Original error: A new session could not be created. Details: Unable to build Espresso server - Process ended with exitcode 1 (cmd: './gradlew -PappiumTargetPackage\\=com.casparhealth.android.patient assembleAndroidTest')\nGradle error message:\n\n[STDERR] ,\n[STDERR] FAILURE: Build failed with an exception.,\n[STDERR] ,\n[STDERR] * What went wrong:,\n[STDERR] Could not initialize class org.codehaus.groovy.runtime.InvokerHelper,\n[STDERR] ,\n[STDERR] * Try:,\n[STDERR] Run with --stacktrace option to get the stack trace. Run with --info or --debug option to get more log output. Run with --scan to get full insights.,\n[STDERR] ,\n[STDERR] * Get more help at https://help.gradle.org,\n[STDERR] ,\n[STDERR] BUILD FAILED in 541ms. Check https://github.com/appium/appium-espresso-driver#troubleshooting regarding advanced session startup troubleshooting.\nBuild info: version: '3.141.59', revision: 'e82be7d358', time: '2018-11-14T08:17:03'\nSystem info: host: 'Dmitriis-MBP.Dlink', ip: 'fe80:0:0:0:1055:2753:c2a9:d17e%en0', os.name: 'Mac OS X', os.arch: 'x86_64', os.version: '10.15.7', java.version: '1.8.0_242-release'\nDriver info: driver.version: AndroidDriver\nremote stacktrace: Error: Unable to build Espresso server - Process ended with exitcode 1 (cmd: './gradlew -PappiumTargetPackage\\=com.casparhealth.android.patient assembleAndroidTest')\nGradle error message:\n\n[STDERR] ,\n[STDERR] FAILURE: Build failed with an exception.,\n[STDERR] ,\n[STDERR] * What went wrong:,\n[STDERR] Could not initialize class org.codehaus.groovy.runtime.InvokerHelper,\n[STDERR] ,\n[STDERR] * Try:,\n[STDERR] Run with --stacktrace option to get the stack trace. Run with --info or --debug option to get more log output. Run with --scan to get full insights.,\n[STDERR] ,\n[STDERR] * Get more help at https://help.gradle.org,\n[STDERR] ,\n[STDERR] BUILD FAILED in 541ms. Check https://github.com/appium/appium-espresso-driver#troubleshooting regarding advanced session startup troubleshooting.\n    at Object.errorAndThrow (/usr/local/lib/node_modules/appium/node_modules/appium-support/lib/logging.js:94:35)\n    at ServerBuilder.runBuildProcess (/usr/local/lib/node_modules/appium/node_modules/appium-espresso-driver/lib/server-builder.js:178:11)\n    at ServerBuilder.build (/usr/local/lib/node_modules/appium/node_modules/appium-espresso-driver/lib/server-builder.js:72:5)\n    at EspressoRunner.buildNewModServer (/usr/local/lib/node_modules/appium/node_modules/appium-espresso-driver/lib/espresso-runner.js:164:5)\n    at EspressoRunner.installTestApk (/usr/local/lib/node_modules/appium/node_modules/appium-espresso-driver/lib/espresso-runner.js:129:7)\n    at EspressoDriver.initAUT (/usr/local/lib/node_modules/appium/node_modules/appium-espresso-driver/lib/driver.js:433:7)\n    at EspressoDriver.startEspressoSession (/usr/local/lib/node_modules/appium/node_modules/appium-espresso-driver/lib/driver.js:297:7)\n    at EspressoDriver.createSession (/usr/local/lib/node_modules/appium/node_modules/appium-espresso-driver/lib/driver.js:188:7)\n    at AppiumDriver.createSession (/usr/local/lib/node_modules/appium/lib/appium.js:358:35)\nBuild info: version: '3.141.59', revision: 'e82be7d358', time: '2018-11-14T08:17:03'\nSystem info: host: 'Dmitriis-MBP.Dlink', ip: 'fe80:0:0:0:1055:2753:c2a9:d17e%en0', os.name: 'Mac OS X', os.arch: 'x86_64', os.version: '10.15.7', java.version: '1.8.0_242-release'\nDriver info: driver.version: AndroidDriver\n\tat io.appium.java_client.remote.AppiumCommandExecutor$1.createSession(AppiumCommandExecutor.java:208)\n\tat io.appium.java_client.remote.AppiumCommandExecutor.createSession(AppiumCommandExecutor.java:217)\n\tat io.appium.java_client.remote.AppiumCommandExecutor.execute(AppiumCommandExecutor.java:239)\n\tat org.openqa.selenium.remote.RemoteWebDriver.execute(RemoteWebDriver.java:552)\n\tat io.appium.java_client.DefaultGenericMobileDriver.execute(DefaultGenericMobileDriver.java:41)\n\tat io.appium.java_client.AppiumDriver.execute(AppiumDriver.java:1)\n\tat io.appium.java_client.android.AndroidDriver.execute(AndroidDriver.java:1)\n\tat org.openqa.selenium.remote.RemoteWebDriver.startSession(RemoteWebDriver.java:213)\n\tat io.appium.java_client.AppiumDriver.startSession(AppiumDriver.java:336)\n\tat org.openqa.selenium.remote.RemoteWebDriver.<init>(RemoteWebDriver.java:131)\n\tat io.appium.java_client.DefaultGenericMobileDriver.<init>(DefaultGenericMobileDriver.java:37)\n\tat io.appium.java_client.AppiumDriver.<init>(AppiumDriver.java:88)\n\tat io.appium.java_client.AppiumDriver.<init>(AppiumDriver.java:98)\n\tat io.appium.java_client.android.AndroidDriver.<init>(AndroidDriver.java:94)\n\tat initPoint.Platform.getDriver(Platform.java:23)\n\tat initPoint.CoreTestCase.setUp(CoreTestCase.java:39)\n\tat tests.ExercisesUserFlowTests.setUp(ExercisesUserFlowTests.java:22)\n\tat sun.reflect.NativeMethodAccessorImpl.invoke0(Native Method)\n\tat sun.reflect.NativeMethodAccessorImpl.invoke(NativeMethodAccessorImpl.java:62)\n\tat sun.reflect.DelegatingMethodAccessorImpl.invoke(DelegatingMethodAccessorImpl.java:43)\n\tat java.lang.reflect.Method.invoke(Method.java:498)\n\tat org.testng.internal.MethodInvocationHelper.invokeMethod(MethodInvocationHelper.java:124)\n\tat org.testng.internal.MethodInvocationHelper.invokeMethodConsideringTimeout(MethodInvocationHelper.java:59)\n\tat org.testng.internal.Invoker.invokeConfigurationMethod(Invoker.java:458)\n\tat org.testng.internal.Invoker.invokeConfigurations(Invoker.java:222)\n\tat org.testng.internal.Invoker.invokeConfigurations(Invoker.java:142)\n\tat org.testng.TestRunner.beforeRun(TestRunner.java:529)\n\tat org.testng.TestRunner.run(TestRunner.java:497)\n\tat org.testng.SuiteRunner.runTest(SuiteRunner.java:455)\n\tat org.testng.SuiteRunner.runSequentially(SuiteRunner.java:450)\n\tat org.testng.SuiteRunner.privateRun(SuiteRunner.java:415)\n\tat org.testng.SuiteRunner.run(SuiteRunner.java:364)\n\tat org.testng.SuiteRunnerWorker.runSuite(SuiteRunnerWorker.java:52)\n\tat org.testng.SuiteRunnerWorker.run(SuiteRunnerWorker.java:84)\n\tat org.testng.TestNG.runSuitesSequentially(TestNG.java:1208)\n\tat org.testng.TestNG.runSuitesLocally(TestNG.java:1137)\n\tat org.testng.TestNG.runSuites(TestNG.java:1049)\n\tat org.testng.TestNG.run(TestNG.java:1017)\n\tat com.intellij.rt.testng.IDEARemoteTestNG.run(IDEARemoteTestNG.java:66)\n\tat com.intellij.rt.testng.RemoteTestNGStarter.main(RemoteTestNGStarter.java:110)\nCaused by: java.lang.reflect.InvocationTargetException\n\tat sun.reflect.NativeMethodAccessorImpl.invoke0(Native Method)\n\tat sun.reflect.NativeMethodAccessorImpl.invoke(NativeMethodAccessorImpl.java:62)\n\tat sun.reflect.DelegatingMethodAccessorImpl.invoke(DelegatingMethodAccessorImpl.java:43)\n\tat java.lang.reflect.Method.invoke(Method.java:498)\n\tat io.appium.java_client.remote.AppiumCommandExecutor$1.createSession(AppiumCommandExecutor.java:186)\n\t... 39 more\nCaused by: org.openqa.selenium.SessionNotCreatedException: A new session could not be created. Details: Unable to build Espresso server - Process ended with exitcode 1 (cmd: './gradlew -PappiumTargetPackage\\=com.casparhealth.android.patient assembleAndroidTest')\nGradle error message:\n\n[STDERR] ,\n[STDERR] FAILURE: Build failed with an exception.,\n[STDERR] ,\n[STDERR] * What went wrong:,\n[STDERR] Could not initialize class org.codehaus.groovy.runtime.InvokerHelper,\n[STDERR] ,\n[STDERR] * Try:,\n[STDERR] Run with --stacktrace option to get the stack trace. Run with --info or --debug option to get more log output. Run with --scan to get full insights.,\n[STDERR] ,\n[STDERR] * Get more help at https://help.gradle.org,\n[STDERR] ,\n[STDERR] BUILD FAILED in 541ms. Check https://github.com/appium/appium-espresso-driver#troubleshooting regarding advanced session startup troubleshooting.\nBuild info: version: '3.141.59', revision: 'e82be7d358', time: '2018-11-14T08:17:03'\nSystem info: host: 'Dmitriis-MBP.Dlink', ip: 'fe80:0:0:0:1055:2753:c2a9:d17e%en0', os.name: 'Mac OS X', os.arch: 'x86_64', os.version: '10.15.7', java.version: '1.8.0_242-release'\nDriver info: driver.version: AndroidDriver\nremote stacktrace: Error: Unable to build Espresso server - Process ended with exitcode 1 (cmd: './gradlew -PappiumTargetPackage\\=com.casparhealth.android.patient assembleAndroidTest')\nGradle error message:\n\n[STDERR] ,\n[STDERR] FAILURE: Build failed with an exception.,\n[STDERR] ,\n[STDERR] * What went wrong:,\n[STDERR] Could not initialize class org.codehaus.groovy.runtime.InvokerHelper,\n[STDERR] ,\n[STDERR] * Try:,\n[STDERR] Run with --stacktrace option to get the stack trace. Run with --info or --debug option to get more log output. Run with --scan to get full insights.,\n[STDERR] ,\n[STDERR] * Get more help at https://help.gradle.org,\n[STDERR] ,\n[STDERR] BUILD FAILED in 541ms. Check https://github.com/appium/appium-espresso-driver#troubleshooting regarding advanced session startup troubleshooting.\n    at Object.errorAndThrow (/usr/local/lib/node_modules/appium/node_modules/appium-support/lib/logging.js:94:35)\n    at ServerBuilder.runBuildProcess (/usr/local/lib/node_modules/appium/node_modules/appium-espresso-driver/lib/server-builder.js:178:11)\n    at ServerBuilder.build (/usr/local/lib/node_modules/appium/node_modules/appium-espresso-driver/lib/server-builder.js:72:5)\n    at EspressoRunner.buildNewModServer (/usr/local/lib/node_modules/appium/node_modules/appium-espresso-driver/lib/espresso-runner.js:164:5)\n    at EspressoRunner.installTestApk (/usr/local/lib/node_modules/appium/node_modules/appium-espresso-driver/lib/espresso-runner.js:129:7)\n    at EspressoDriver.initAUT (/usr/local/lib/node_modules/appium/node_modules/appium-espresso-driver/lib/driver.js:433:7)\n    at EspressoDriver.startEspressoSession (/usr/local/lib/node_modules/appium/node_modules/appium-espresso-driver/lib/driver.js:297:7)\n    at EspressoDriver.createSession (/usr/local/lib/node_modules/appium/node_modules/appium-espresso-driver/lib/driver.js:188:7)\n    at AppiumDriver.createSession (/usr/local/lib/node_modules/appium/lib/appium.js:358:35)\n\tat sun.reflect.NativeConstructorAccessorImpl.newInstance0(Native Method)\n\tat sun.reflect.NativeConstructorAccessorImpl.newInstance(NativeConstructorAccessorImpl.java:62)\n\tat sun.reflect.DelegatingConstructorAccessorImpl.newInstance(DelegatingConstructorAccessorImpl.java:45)\n\tat java.lang.reflect.Constructor.newInstance(Constructor.java:423)\n\tat org.openqa.selenium.remote.W3CHandshakeResponse.lambda$errorHandler$0(W3CHandshakeResponse.java:62)\n\tat org.openqa.selenium.remote.HandshakeResponse.lambda$getResponseFunction$0(HandshakeResponse.java:30)\n\tat org.openqa.selenium.remote.ProtocolHandshake.lambda$createSession$0(ProtocolHandshake.java:126)\n\tat java.util.stream.ReferencePipeline$3$1.accept(ReferencePipeline.java:193)\n\tat java.util.Spliterators$ArraySpliterator.tryAdvance(Spliterators.java:958)\n\tat java.util.stream.ReferencePipeline.forEachWithCancel(ReferencePipeline.java:126)\n\tat java.util.stream.AbstractPipeline.copyIntoWithCancel(AbstractPipeline.java:499)\n\tat java.util.stream.AbstractPipeline.copyInto(AbstractPipeline.java:486)\n\tat java.util.stream.AbstractPipeline.wrapAndCopyInto(AbstractPipeline.java:472)\n\tat java.util.stream.FindOps$FindOp.evaluateSequential(FindOps.java:152)\n\tat java.util.stream.AbstractPipeline.evaluate(AbstractPipeline.java:234)\n\tat java.util.stream.ReferencePipeline.findFirst(ReferencePipeline.java:531)\n\tat org.openqa.selenium.remote.ProtocolHandshake.createSession(ProtocolHandshake.java:128)\n\t... 44 more\n"},"stage":"finished","description":"","steps":[],"attachments":[],"parameters":[],"start":1603359392353,"stop":1603359395068}],"afters":[],"links":[],"start":1603359392330,"stop":1603359395220}